# JRE version: OpenJDK Runtime Environment (11.0.4+11) (build 11.0.4+11-post-Ubuntu-1ubuntu218.04.3)
# Java VM: OpenJDK 64-Bit Server VM (11.0.4+11-post-Ubuntu-1ubuntu218.04.3, mixed mode, sharing, tiered, compressed oops, g1 gc, linux-amd64)
Heap:
 garbage-first heap   total 258048K, used 20727K [0x0000000085c00000, 0x0000000100000000)
  region size 1024K, 3 young (3072K), 3 survivors (3072K)
 Metaspace       used 6863K, capacity 10071K, committed 10496K, reserved 1058816K
  class space    used 362K, capacity 663K, committed 768K, reserved 1048576K
GC Heap History (9 events):
Event: 0,767 GC heap before
{Heap before GC invocations=0 (full 0):
 garbage-first heap   total 129024K, used 29304K [0x0000000085c00000, 0x0000000100000000)
  region size 1024K, 24 young (24576K), 0 survivors (0K)
 Metaspace       used 3749K, capacity 7230K, committed 7296K, reserved 1056768K
  class space    used 308K, capacity 623K, committed 640K, reserved 1048576K
}
Event: 0,784 GC heap after
{Heap after GC invocations=1 (full 0):
 garbage-first heap   total 129024K, used 9495K [0x0000000085c00000, 0x0000000100000000)
  region size 1024K, 3 young (3072K), 3 survivors (3072K)
 Metaspace       used 3749K, capacity 7230K, committed 7296K, reserved 1056768K
  class space    used 308K, capacity 623K, committed 640K, reserved 1048576K
}
Event: 1,032 GC heap before
{Heap before GC invocations=1 (full 0):
 garbage-first heap   total 129024K, used 22807K [0x0000000085c00000, 0x0000000100000000)
  region size 1024K, 15 young (15360K), 3 survivors (3072K)
 Metaspace       used 4700K, capacity 8167K, committed 8320K, reserved 1056768K
  class space    used 324K, capacity 625K, committed 640K, reserved 1048576K
}
Event: 1,047 GC heap after
{Heap after GC invocations=2 (full 0):
 garbage-first heap   total 129024K, used 11112K [0x0000000085c00000, 0x0000000100000000)
  region size 1024K, 2 young (2048K), 2 survivors (2048K)
 Metaspace       used 4700K, capacity 8167K, committed 8320K, reserved 1056768K
  class space    used 324K, capacity 625K, committed 640K, reserved 1048576K
}
Event: 2,147 GC heap before
{Heap before GC invocations=2 (full 0):
 garbage-first heap   total 129024K, used 40808K [0x0000000085c00000, 0x0000000100000000)
  region size 1024K, 31 young (31744K), 2 survivors (2048K)
 Metaspace       used 6790K, capacity 10007K, committed 10496K, reserved 1058816K
  class space    used 362K, capacity 663K, committed 768K, reserved 1048576K
}
Event: 2,215 GC heap after
{Heap after GC invocations=3 (full 0):
 garbage-first heap   total 129024K, used 13359K [0x0000000085c00000, 0x0000000100000000)
  region size 1024K, 4 young (4096K), 4 survivors (4096K)
 Metaspace       used 6790K, capacity 10007K, committed 10496K, reserved 1058816K
  class space    used 362K, capacity 663K, committed 768K, reserved 1048576K
}
Event: 10,428 GC heap before
{Heap before GC invocations=3 (full 0):
 garbage-first heap   total 129024K, used 75823K [0x0000000085c00000, 0x0000000100000000)
  region size 1024K, 65 young (66560K), 4 survivors (4096K)
 Metaspace       used 6854K, capacity 10071K, committed 10496K, reserved 1058816K
  class space    used 362K, capacity 663K, committed 768K, reserved 1048576K
}
Event: 11,030 GC heap after
{Heap after GC invocations=4 (full 0):
 garbage-first heap   total 129024K, used 18015K [0x0000000085c00000, 0x0000000100000000)
  region size 1024K, 8 young (8192K), 8 survivors (8192K)
 Metaspace       used 6854K, capacity 10071K, committed 10496K, reserved 1058816K
  class space    used 362K, capacity 663K, committed 768K, reserved 1048576K
}
Event: 13,947 GC heap before
{Heap before GC invocations=4 (full 0):
 garbage-first heap   total 129024K, used 48735K [0x0000000085c00000, 0x0000000100000000)
  region size 1024K, 38 young (38912K), 8 survivors (8192K)
 Metaspace       used 6863K, capacity 10071K, committed 10496K, reserved 1058816K
  class space    used 362K, capacity 663K, committed 768K, reserved 1048576K
}

